The target system is: Linux -  - 
The host system is: Linux - 3.19.0-51-generic - x86_64
Compiling the C compiler identification source file "CMakeCCompilerId.c" succeeded.
Compiler: /raid/vugluskr/emsdk_portable/emscripten/master/emcc 
Build flags: -g
Id flags: 

The output was:
0


Compilation of the C compiler identification source "CMakeCCompilerId.c" produced "a.out.js.map"

Compilation of the C compiler identification source "CMakeCCompilerId.c" produced "a.out.js"

Compiling the C compiler identification source file "CMakeCCompilerId.c" succeeded.
Compiler: /raid/vugluskr/emsdk_portable/emscripten/master/emcc 
Build flags: -g
Id flags: -c

The output was:
0


Compilation of the C compiler identification source "CMakeCCompilerId.c" produced "CMakeCCompilerId.o"

Compiling the C compiler identification source file "CMakeCCompilerId.c" succeeded.
Compiler: /raid/vugluskr/emsdk_portable/emscripten/master/emcc 
Build flags: -g
Id flags: -Aa

The output was:
0
clang-3.7: warning: argument unused during compilation: '-Aa'


Compilation of the C compiler identification source "CMakeCCompilerId.c" produced "a.out.js.map"

Compilation of the C compiler identification source "CMakeCCompilerId.c" produced "a.out.js"

Compiling the CXX compiler identification source file "CMakeCXXCompilerId.cpp" succeeded.
Compiler: /raid/vugluskr/emsdk_portable/emscripten/master/em++ 
Build flags: -g
Id flags: 

The output was:
0


Compilation of the CXX compiler identification source "CMakeCXXCompilerId.cpp" produced "a.out.js.map"

Compilation of the CXX compiler identification source "CMakeCXXCompilerId.cpp" produced "a.out.js"

Compiling the CXX compiler identification source file "CMakeCXXCompilerId.cpp" succeeded.
Compiler: /raid/vugluskr/emsdk_portable/emscripten/master/em++ 
Build flags: -g
Id flags: -c

The output was:
0


Compilation of the CXX compiler identification source "CMakeCXXCompilerId.cpp" produced "CMakeCXXCompilerId.o"

Determining if the C compiler works passed with the following output:
Change Dir: /home/vugluskr/projects/HappyGamer/build/CMakeFiles/CMakeTmp

Run Build Command:/usr/bin/make "cmTryCompileExec680902868/fast"
/usr/bin/make -f CMakeFiles/cmTryCompileExec680902868.dir/build.make CMakeFiles/cmTryCompileExec680902868.dir/build
make[1]: Entering directory `/home/vugluskr/projects/HappyGamer/build/CMakeFiles/CMakeTmp'
/usr/bin/cmake -E cmake_progress_report /home/vugluskr/projects/HappyGamer/build/CMakeFiles/CMakeTmp/CMakeFiles 1
Building C object CMakeFiles/cmTryCompileExec680902868.dir/testCCompiler.c.o
/raid/vugluskr/emsdk_portable/emscripten/master/emcc    -o CMakeFiles/cmTryCompileExec680902868.dir/testCCompiler.c.o   -c /home/vugluskr/projects/HappyGamer/build/CMakeFiles/CMakeTmp/testCCompiler.c
Linking C executable cmTryCompileExec680902868
/usr/bin/cmake -E cmake_link_script CMakeFiles/cmTryCompileExec680902868.dir/link.txt --verbose=1
/raid/vugluskr/emsdk_portable/emscripten/master/emcc       CMakeFiles/cmTryCompileExec680902868.dir/testCCompiler.c.o  -o cmTryCompileExec680902868  
make[1]: Leaving directory `/home/vugluskr/projects/HappyGamer/build/CMakeFiles/CMakeTmp'


Detecting C compiler ABI info compiled with the following output:
Change Dir: /home/vugluskr/projects/HappyGamer/build/CMakeFiles/CMakeTmp

Run Build Command:/usr/bin/make "cmTryCompileExec290577828/fast"
/usr/bin/make -f CMakeFiles/cmTryCompileExec290577828.dir/build.make CMakeFiles/cmTryCompileExec290577828.dir/build
make[1]: Entering directory `/home/vugluskr/projects/HappyGamer/build/CMakeFiles/CMakeTmp'
/usr/bin/cmake -E cmake_progress_report /home/vugluskr/projects/HappyGamer/build/CMakeFiles/CMakeTmp/CMakeFiles 1
Building C object CMakeFiles/cmTryCompileExec290577828.dir/CMakeCCompilerABI.c.o
/raid/vugluskr/emsdk_portable/emscripten/master/emcc    -o CMakeFiles/cmTryCompileExec290577828.dir/CMakeCCompilerABI.c.o   -c /usr/share/cmake-2.8/Modules/CMakeCCompilerABI.c
Linking C executable cmTryCompileExec290577828
/usr/bin/cmake -E cmake_link_script CMakeFiles/cmTryCompileExec290577828.dir/link.txt --verbose=1
/raid/vugluskr/emsdk_portable/emscripten/master/emcc       CMakeFiles/cmTryCompileExec290577828.dir/CMakeCCompilerABI.c.o  -o cmTryCompileExec290577828   
make[1]: Leaving directory `/home/vugluskr/projects/HappyGamer/build/CMakeFiles/CMakeTmp'


Determining if the CXX compiler works passed with the following output:
Change Dir: /home/vugluskr/projects/HappyGamer/build/CMakeFiles/CMakeTmp

Run Build Command:/usr/bin/make "cmTryCompileExec1367770605/fast"
/usr/bin/make -f CMakeFiles/cmTryCompileExec1367770605.dir/build.make CMakeFiles/cmTryCompileExec1367770605.dir/build
make[1]: Entering directory `/home/vugluskr/projects/HappyGamer/build/CMakeFiles/CMakeTmp'
/usr/bin/cmake -E cmake_progress_report /home/vugluskr/projects/HappyGamer/build/CMakeFiles/CMakeTmp/CMakeFiles 1
Building CXX object CMakeFiles/cmTryCompileExec1367770605.dir/testCXXCompiler.cxx.o
/raid/vugluskr/emsdk_portable/emscripten/master/em++     -o CMakeFiles/cmTryCompileExec1367770605.dir/testCXXCompiler.cxx.o -c /home/vugluskr/projects/HappyGamer/build/CMakeFiles/CMakeTmp/testCXXCompiler.cxx
Linking CXX executable cmTryCompileExec1367770605
/usr/bin/cmake -E cmake_link_script CMakeFiles/cmTryCompileExec1367770605.dir/link.txt --verbose=1
/raid/vugluskr/emsdk_portable/emscripten/master/em++        CMakeFiles/cmTryCompileExec1367770605.dir/testCXXCompiler.cxx.o  -o cmTryCompileExec1367770605  
make[1]: Leaving directory `/home/vugluskr/projects/HappyGamer/build/CMakeFiles/CMakeTmp'


Detecting CXX compiler ABI info compiled with the following output:
Change Dir: /home/vugluskr/projects/HappyGamer/build/CMakeFiles/CMakeTmp

Run Build Command:/usr/bin/make "cmTryCompileExec889327273/fast"
/usr/bin/make -f CMakeFiles/cmTryCompileExec889327273.dir/build.make CMakeFiles/cmTryCompileExec889327273.dir/build
make[1]: Entering directory `/home/vugluskr/projects/HappyGamer/build/CMakeFiles/CMakeTmp'
/usr/bin/cmake -E cmake_progress_report /home/vugluskr/projects/HappyGamer/build/CMakeFiles/CMakeTmp/CMakeFiles 1
Building CXX object CMakeFiles/cmTryCompileExec889327273.dir/CMakeCXXCompilerABI.cpp.o
/raid/vugluskr/emsdk_portable/emscripten/master/em++     -o CMakeFiles/cmTryCompileExec889327273.dir/CMakeCXXCompilerABI.cpp.o -c /usr/share/cmake-2.8/Modules/CMakeCXXCompilerABI.cpp
Linking CXX executable cmTryCompileExec889327273
/usr/bin/cmake -E cmake_link_script CMakeFiles/cmTryCompileExec889327273.dir/link.txt --verbose=1
/raid/vugluskr/emsdk_portable/emscripten/master/em++        CMakeFiles/cmTryCompileExec889327273.dir/CMakeCXXCompilerABI.cpp.o  -o cmTryCompileExec889327273   
make[1]: Leaving directory `/home/vugluskr/projects/HappyGamer/build/CMakeFiles/CMakeTmp'


