This file contains any messages produced by compilers while
running configure, to aid debugging if configure makes a mistake.

It was created by bullet configure 2.82, which was
generated by GNU Autoconf 2.69.  Invocation command line was

  $ ./configure 

## --------- ##
## Platform. ##
## --------- ##

hostname = darkstar
uname -m = x86_64
uname -r = 3.19.0-51-generic
uname -s = Linux
uname -v = #58~14.04.1-Ubuntu SMP Fri Feb 26 22:02:58 UTC 2016

/usr/bin/uname -p = unknown
/bin/uname -X     = unknown

/bin/arch              = unknown
/usr/bin/arch -k       = unknown
/usr/convex/getsysinfo = unknown
/usr/bin/hostinfo      = unknown
/bin/machine           = unknown
/usr/bin/oslevel       = unknown
/bin/universe          = unknown

PATH: /raid/vugluskr/emsdk_portable/emscripten/master/system/bin
PATH: /raid/vugluskr/emsdk_portable
PATH: /raid/vugluskr/emsdk_portable/clang/fastcomp/build_master_64/bin
PATH: /raid/vugluskr/emsdk_portable/node/4.1.1_64bit/bin
PATH: /raid/vugluskr/emsdk_portable/emscripten/master
PATH: /raid/vugluskr/_rc
PATH: /raid/vugluskr/android-ndk-r10e
PATH: /raid/vugluskr/android-sdk-linux/platform-tools
PATH: /raid/vugluskr/android-sdk-linux/tools
PATH: /usr/local/sbin
PATH: /usr/local/bin
PATH: /usr/sbin
PATH: /usr/bin
PATH: /sbin
PATH: /bin
PATH: /usr/games
PATH: /usr/local/games


## ----------- ##
## Core tests. ##
## ----------- ##

configure:2248: checking build system type
configure:2262: result: x86_64-unknown-linux-gnu
configure:2282: checking host system type
configure:2295: result: x86_64-unknown-linux-gnu
configure:2332: checking for a BSD-compatible install
configure:2400: result: /usr/bin/install -c
configure:2411: checking whether build environment is sane
configure:2466: result: yes
configure:2617: checking for a thread-safe mkdir -p
configure:2656: result: /bin/mkdir -p
configure:2663: checking for gawk
configure:2693: result: no
configure:2663: checking for mawk
configure:2679: found /usr/bin/mawk
configure:2690: result: mawk
configure:2701: checking whether make sets $(MAKE)
configure:2723: result: yes
configure:2752: checking whether make supports nested variables
configure:2769: result: yes
configure:2906: checking for style of include used by make
configure:2934: result: GNU
configure:3005: checking for gcc
configure:3032: result: /raid/vugluskr/emsdk_portable/emscripten/master/emcc
configure:3261: checking for C compiler version
configure:3270: /raid/vugluskr/emsdk_portable/emscripten/master/emcc --version >&5
emcc (Emscripten gcc/clang-like replacement) 1.36.0 (commit 07b87426f898d6e9c677db291d9088c839197291)
Copyright (C) 2014 the Emscripten authors (see AUTHORS.txt)
This is free and open source software under the MIT license.
There is NO warranty; not even for MERCHANTABILITY or FITNESS FOR A PARTICULAR PURPOSE.
  
configure:3281: $? = 0
configure:3270: /raid/vugluskr/emsdk_portable/emscripten/master/emcc -v >&5
emcc (Emscripten gcc/clang-like replacement + linker emulating GNU ld) 1.36.0
clang version 3.9.0 (https://github.com/kripken/emscripten-fastcomp-clang/ 271ce598c3d1fe74efadc254f5be1b57edea9f41) (https://github.com/kripken/emscripten-fastcomp/ 61acfb230665464544f2e8db292f8999fc3c628c) (emscripten 1.36.0 : 1.36.0)
Target: x86_64-unknown-linux-gnu
Thread model: posix
InstalledDir: /raid/vugluskr/emsdk_portable/clang/fastcomp/build_master_64/bin
Found candidate GCC installation: /usr/lib/gcc/i686-linux-gnu/4.8
Found candidate GCC installation: /usr/lib/gcc/i686-linux-gnu/4.8.4
Found candidate GCC installation: /usr/lib/gcc/i686-linux-gnu/4.9
Found candidate GCC installation: /usr/lib/gcc/i686-linux-gnu/4.9.3
Found candidate GCC installation: /usr/lib/gcc/x86_64-linux-gnu/4.8
Found candidate GCC installation: /usr/lib/gcc/x86_64-linux-gnu/4.8.4
... rest of stderr output deleted ...
configure:3281: $? = 0
configure:3270: /raid/vugluskr/emsdk_portable/emscripten/master/emcc -V >&5
ERROR:root:[31mno input files
note that input files without a known suffix are ignored, make sure your input files end with one of: ('.c', '.C', '.i', '.cpp', '.cxx', '.cc', '.c++', '.CPP', '.CXX', '.CC', '.C++', '.ii', '.m', '.mi', '.mm', '.mii', '/dev/null', '.bc', '.o', '.obj', '.lo', '.dylib', '.so', '.a', '.ll', '.h', '.hxx', '.hpp', '.hh', '.H', '.HXX', '.HPP', '.HH')[0m
configure:3281: $? = 1
configure:3270: /raid/vugluskr/emsdk_portable/emscripten/master/emcc -qversion >&5
ERROR:root:[31mno input files
note that input files without a known suffix are ignored, make sure your input files end with one of: ('.c', '.C', '.i', '.cpp', '.cxx', '.cc', '.c++', '.CPP', '.CXX', '.CC', '.C++', '.ii', '.m', '.mi', '.mm', '.mii', '/dev/null', '.bc', '.o', '.obj', '.lo', '.dylib', '.so', '.a', '.ll', '.h', '.hxx', '.hpp', '.hh', '.H', '.HXX', '.HPP', '.HH')[0m
configure:3281: $? = 1
configure:3301: checking whether the C compiler works
configure:3323: /raid/vugluskr/emsdk_portable/emscripten/master/emcc    conftest.c  >&5
configure:3327: $? = 0
configure:3375: result: yes
configure:3378: checking for C compiler default output file name
configure:3380: result: a.out
configure:3386: checking for suffix of executables
configure:3393: /raid/vugluskr/emsdk_portable/emscripten/master/emcc -o conftest    conftest.c  >&5
configure:3397: $? = 0
configure:3419: result: 
configure:3441: checking whether we are cross compiling
configure:3449: /raid/vugluskr/emsdk_portable/emscripten/master/emcc -o conftest    conftest.c  >&5
configure:3453: $? = 0
configure:3460: ./conftest
configure:3464: $? = 0
configure:3479: result: no
configure:3484: checking for suffix of object files
configure:3506: /raid/vugluskr/emsdk_portable/emscripten/master/emcc -c   conftest.c >&5
configure:3510: $? = 0
configure:3531: result: o
configure:3535: checking whether we are using the GNU C compiler
configure:3554: /raid/vugluskr/emsdk_portable/emscripten/master/emcc -c   conftest.c >&5
configure:3554: $? = 0
configure:3563: result: yes
configure:3572: checking whether /raid/vugluskr/emsdk_portable/emscripten/master/emcc accepts -g
configure:3592: /raid/vugluskr/emsdk_portable/emscripten/master/emcc -c -g  conftest.c >&5
configure:3592: $? = 0
configure:3633: result: yes
configure:3650: checking for /raid/vugluskr/emsdk_portable/emscripten/master/emcc option to accept ISO C89
configure:3713: /raid/vugluskr/emsdk_portable/emscripten/master/emcc  -c   conftest.c >&5
configure:3713: $? = 0
configure:3726: result: none needed
configure:3751: checking whether /raid/vugluskr/emsdk_portable/emscripten/master/emcc understands -c and -o together
configure:3773: /raid/vugluskr/emsdk_portable/emscripten/master/emcc -c conftest.c -o conftest2.o
configure:3776: $? = 0
configure:3773: /raid/vugluskr/emsdk_portable/emscripten/master/emcc -c conftest.c -o conftest2.o
configure:3776: $? = 0
configure:3788: result: yes
configure:3807: checking dependency style of /raid/vugluskr/emsdk_portable/emscripten/master/emcc
configure:3918: result: gcc3
configure:4046: checking for C++ compiler version
configure:4055: /raid/vugluskr/emsdk_portable/emscripten/master/em++ --version >&5
emcc (Emscripten gcc/clang-like replacement) 1.36.0 (commit 07b87426f898d6e9c677db291d9088c839197291)
Copyright (C) 2014 the Emscripten authors (see AUTHORS.txt)
This is free and open source software under the MIT license.
There is NO warranty; not even for MERCHANTABILITY or FITNESS FOR A PARTICULAR PURPOSE.
  
configure:4066: $? = 0
configure:4055: /raid/vugluskr/emsdk_portable/emscripten/master/em++ -v >&5
emcc (Emscripten gcc/clang-like replacement + linker emulating GNU ld) 1.36.0
clang version 3.9.0 (https://github.com/kripken/emscripten-fastcomp-clang/ 271ce598c3d1fe74efadc254f5be1b57edea9f41) (https://github.com/kripken/emscripten-fastcomp/ 61acfb230665464544f2e8db292f8999fc3c628c) (emscripten 1.36.0 : 1.36.0)
Target: x86_64-unknown-linux-gnu
Thread model: posix
InstalledDir: /raid/vugluskr/emsdk_portable/clang/fastcomp/build_master_64/bin
Found candidate GCC installation: /usr/lib/gcc/i686-linux-gnu/4.8
Found candidate GCC installation: /usr/lib/gcc/i686-linux-gnu/4.8.4
Found candidate GCC installation: /usr/lib/gcc/i686-linux-gnu/4.9
Found candidate GCC installation: /usr/lib/gcc/i686-linux-gnu/4.9.3
Found candidate GCC installation: /usr/lib/gcc/x86_64-linux-gnu/4.8
Found candidate GCC installation: /usr/lib/gcc/x86_64-linux-gnu/4.8.4
... rest of stderr output deleted ...
configure:4066: $? = 0
configure:4055: /raid/vugluskr/emsdk_portable/emscripten/master/em++ -V >&5
ERROR:root:[31mno input files
note that input files without a known suffix are ignored, make sure your input files end with one of: ('.c', '.C', '.i', '.cpp', '.cxx', '.cc', '.c++', '.CPP', '.CXX', '.CC', '.C++', '.ii', '.m', '.mi', '.mm', '.mii', '/dev/null', '.bc', '.o', '.obj', '.lo', '.dylib', '.so', '.a', '.ll', '.h', '.hxx', '.hpp', '.hh', '.H', '.HXX', '.HPP', '.HH')[0m
configure:4066: $? = 1
configure:4055: /raid/vugluskr/emsdk_portable/emscripten/master/em++ -qversion >&5
ERROR:root:[31mno input files
note that input files without a known suffix are ignored, make sure your input files end with one of: ('.c', '.C', '.i', '.cpp', '.cxx', '.cc', '.c++', '.CPP', '.CXX', '.CC', '.C++', '.ii', '.m', '.mi', '.mm', '.mii', '/dev/null', '.bc', '.o', '.obj', '.lo', '.dylib', '.so', '.a', '.ll', '.h', '.hxx', '.hpp', '.hh', '.H', '.HXX', '.HPP', '.HH')[0m
configure:4066: $? = 1
configure:4070: checking whether we are using the GNU C++ compiler
configure:4089: /raid/vugluskr/emsdk_portable/emscripten/master/em++ -c   conftest.cpp >&5
configure:4089: $? = 0
configure:4098: result: yes
configure:4107: checking whether /raid/vugluskr/emsdk_portable/emscripten/master/em++ accepts -g
configure:4127: /raid/vugluskr/emsdk_portable/emscripten/master/em++ -c -g  conftest.cpp >&5
configure:4127: $? = 0
configure:4168: result: yes
configure:4193: checking dependency style of /raid/vugluskr/emsdk_portable/emscripten/master/em++
configure:4304: result: gcc3
configure:4365: checking how to print strings
configure:4392: result: printf
configure:4413: checking for a sed that does not truncate output
configure:4477: result: /bin/sed
configure:4495: checking for grep that handles long lines and -e
configure:4553: result: /bin/grep
configure:4558: checking for egrep
configure:4620: result: /bin/grep -E
configure:4625: checking for fgrep
configure:4687: result: /bin/grep -F
configure:4722: checking for ld used by /raid/vugluskr/emsdk_portable/emscripten/master/emcc
ERROR:root:[31mno input files
note that input files without a known suffix are ignored, make sure your input files end with one of: ('.c', '.C', '.i', '.cpp', '.cxx', '.cc', '.c++', '.CPP', '.CXX', '.CC', '.C++', '.ii', '.m', '.mi', '.mm', '.mii', '/dev/null', '.bc', '.o', '.obj', '.lo', '.dylib', '.so', '.a', '.ll', '.h', '.hxx', '.hpp', '.hh', '.H', '.HXX', '.HPP', '.HH')[0m
configure:4789: result: /raid/vugluskr/emsdk_portable/emscripten/master/emcc
configure:4796: checking if the linker (/raid/vugluskr/emsdk_portable/emscripten/master/emcc) is GNU ld
configure:4811: result: yes
configure:4823: checking for BSD- or MS-compatible name lister (nm)
configure:4872: result: /raid/vugluskr/emsdk_portable/clang/fastcomp/build_master_64/bin/llvm-nm
configure:5002: checking the name lister (/raid/vugluskr/emsdk_portable/clang/fastcomp/build_master_64/bin/llvm-nm) interface
configure:5009: /raid/vugluskr/emsdk_portable/emscripten/master/emcc -c   conftest.c >&5
configure:5012: /raid/vugluskr/emsdk_portable/clang/fastcomp/build_master_64/bin/llvm-nm "conftest.o"
configure:5015: output
-------- D some_variable
configure:5022: result: BSD nm
configure:5025: checking whether ln -s works
configure:5029: result: yes
configure:5037: checking the maximum length of command line arguments
configure:5168: result: 1572864
configure:5185: checking whether the shell understands some XSI constructs
configure:5195: result: yes
configure:5199: checking whether the shell understands "+="
configure:5205: result: yes
configure:5240: checking how to convert x86_64-unknown-linux-gnu file names to x86_64-unknown-linux-gnu format
configure:5280: result: func_convert_file_noop
configure:5287: checking how to convert x86_64-unknown-linux-gnu file names to toolchain format
configure:5307: result: func_convert_file_noop
configure:5314: checking for /raid/vugluskr/emsdk_portable/emscripten/master/emcc option to reload object files
configure:5321: result: -r
configure:5395: checking for objdump
configure:5411: found /usr/bin/objdump
configure:5422: result: objdump
configure:5454: checking how to recognize dependent libraries
configure:5652: result: pass_all
configure:5737: checking for dlltool
configure:5767: result: no
configure:5797: checking how to associate runtime and link libraries
configure:5824: result: printf %s\n
configure:5949: checking for archiver @FILE support
configure:5966: /raid/vugluskr/emsdk_portable/emscripten/master/emcc -c   conftest.c >&5
configure:5966: $? = 0
configure:5969: /raid/vugluskr/emsdk_portable/emscripten/master/emar cru libconftest.a @conftest.lst >&5
configure:5972: $? = 0
configure:5977: /raid/vugluskr/emsdk_portable/emscripten/master/emar cru libconftest.a @conftest.lst >&5
/raid/vugluskr/emsdk_portable/clang/fastcomp/build_master_64/bin/llvm-ar: conftest.o: No such file or directory.
configure:5980: $? = 0
configure:5992: result: no
configure:6050: checking for strip
configure:6066: found /usr/bin/strip
configure:6077: result: strip
configure:6149: checking for ranlib
configure:6176: result: /raid/vugluskr/emsdk_portable/emscripten/master/emranlib
configure:6278: checking command to parse /raid/vugluskr/emsdk_portable/clang/fastcomp/build_master_64/bin/llvm-nm output from /raid/vugluskr/emsdk_portable/emscripten/master/emcc object
configure:6398: /raid/vugluskr/emsdk_portable/emscripten/master/emcc -c   conftest.c >&5
configure:6401: $? = 0
configure:6405: /raid/vugluskr/emsdk_portable/clang/fastcomp/build_master_64/bin/llvm-nm conftest.o \| sed -n -e 's/^.*[ ]\([BCDEGRST][BCDEGRST]*\)[ ][ ]*\([_A-Za-z][_A-Za-z0-9]*\)$/\1 \2 \2/p' | sed '/ __gnu_lto/d' \> conftest.nm
configure:6408: $? = 0
configure:6474: /raid/vugluskr/emsdk_portable/emscripten/master/emcc -o conftest    conftest.c conftstm.o >&5
configure:6477: $? = 0
configure:6515: result: ok
configure:6552: checking for sysroot
configure:6582: result: no
configure:6659: /raid/vugluskr/emsdk_portable/emscripten/master/emcc -c   conftest.c >&5
configure:6662: $? = 0
configure:6851: checking for mt
configure:6867: found /bin/mt
configure:6878: result: mt
configure:6901: checking if mt is a manifest tool
configure:6907: mt '-?'
configure:6915: result: no
configure:7557: checking how to run the C preprocessor
configure:7588: /raid/vugluskr/emsdk_portable/emscripten/master/emcc -E  conftest.c
configure:7588: $? = 0
configure:7602: /raid/vugluskr/emsdk_portable/emscripten/master/emcc -E  conftest.c
conftest.c:11:10: fatal error: 'ac_nonexistent.h' file not found
#include <ac_nonexistent.h>
         ^
1 error generated.
configure:7602: $? = 1
configure: failed program was:
| /* confdefs.h */
| #define PACKAGE_NAME "bullet"
| #define PACKAGE_TARNAME "bullet"
| #define PACKAGE_VERSION "2.82"
| #define PACKAGE_STRING "bullet 2.82"
| #define PACKAGE_BUGREPORT "erwin.coumans@gmail.com"
| #define PACKAGE_URL ""
| #define PACKAGE "bullet"
| #define VERSION "2.82"
| /* end confdefs.h.  */
| #include <ac_nonexistent.h>
configure:7627: result: /raid/vugluskr/emsdk_portable/emscripten/master/emcc -E
configure:7647: /raid/vugluskr/emsdk_portable/emscripten/master/emcc -E  conftest.c
configure:7647: $? = 0
configure:7661: /raid/vugluskr/emsdk_portable/emscripten/master/emcc -E  conftest.c
conftest.c:11:10: fatal error: 'ac_nonexistent.h' file not found
#include <ac_nonexistent.h>
         ^
1 error generated.
configure:7661: $? = 1
configure: failed program was:
| /* confdefs.h */
| #define PACKAGE_NAME "bullet"
| #define PACKAGE_TARNAME "bullet"
| #define PACKAGE_VERSION "2.82"
| #define PACKAGE_STRING "bullet 2.82"
| #define PACKAGE_BUGREPORT "erwin.coumans@gmail.com"
| #define PACKAGE_URL ""
| #define PACKAGE "bullet"
| #define VERSION "2.82"
| /* end confdefs.h.  */
| #include <ac_nonexistent.h>
configure:7690: checking for ANSI C header files
configure:7710: /raid/vugluskr/emsdk_portable/emscripten/master/emcc -c   conftest.c >&5
configure:7710: $? = 0
configure:7783: /raid/vugluskr/emsdk_portable/emscripten/master/emcc -o conftest    conftest.c  >&5
configure:7783: $? = 0
configure:7783: ./conftest
configure:7783: $? = 0
configure:7794: result: yes
configure:7807: checking for sys/types.h
configure:7807: /raid/vugluskr/emsdk_portable/emscripten/master/emcc -c   conftest.c >&5
configure:7807: $? = 0
configure:7807: result: yes
configure:7807: checking for sys/stat.h
configure:7807: /raid/vugluskr/emsdk_portable/emscripten/master/emcc -c   conftest.c >&5
configure:7807: $? = 0
configure:7807: result: yes
configure:7807: checking for stdlib.h
configure:7807: /raid/vugluskr/emsdk_portable/emscripten/master/emcc -c   conftest.c >&5
configure:7807: $? = 0
configure:7807: result: yes
configure:7807: checking for string.h
configure:7807: /raid/vugluskr/emsdk_portable/emscripten/master/emcc -c   conftest.c >&5
configure:7807: $? = 0
configure:7807: result: yes
configure:7807: checking for memory.h
configure:7807: /raid/vugluskr/emsdk_portable/emscripten/master/emcc -c   conftest.c >&5
configure:7807: $? = 0
configure:7807: result: yes
configure:7807: checking for strings.h
configure:7807: /raid/vugluskr/emsdk_portable/emscripten/master/emcc -c   conftest.c >&5
configure:7807: $? = 0
configure:7807: result: yes
configure:7807: checking for inttypes.h
configure:7807: /raid/vugluskr/emsdk_portable/emscripten/master/emcc -c   conftest.c >&5
configure:7807: $? = 0
configure:7807: result: yes
configure:7807: checking for stdint.h
configure:7807: /raid/vugluskr/emsdk_portable/emscripten/master/emcc -c   conftest.c >&5
configure:7807: $? = 0
configure:7807: result: yes
configure:7807: checking for unistd.h
configure:7807: /raid/vugluskr/emsdk_portable/emscripten/master/emcc -c   conftest.c >&5
configure:7807: $? = 0
configure:7807: result: yes
configure:7821: checking for dlfcn.h
configure:7821: /raid/vugluskr/emsdk_portable/emscripten/master/emcc -c   conftest.c >&5
configure:7821: $? = 0
configure:7821: result: yes
configure:8038: checking for objdir
configure:8053: result: .libs
configure:8320: checking if /raid/vugluskr/emsdk_portable/emscripten/master/emcc supports -fno-rtti -fno-exceptions
configure:8338: /raid/vugluskr/emsdk_portable/emscripten/master/emcc -c   -fno-rtti -fno-exceptions conftest.c >&5
configure:8342: $? = 0
configure:8355: result: yes
configure:8682: checking for /raid/vugluskr/emsdk_portable/emscripten/master/emcc option to produce PIC
configure:8689: result: -fPIC -DPIC
configure:8697: checking if /raid/vugluskr/emsdk_portable/emscripten/master/emcc PIC flag -fPIC -DPIC works
configure:8715: /raid/vugluskr/emsdk_portable/emscripten/master/emcc -c   -fPIC -DPIC -DPIC conftest.c >&5
configure:8719: $? = 0
configure:8732: result: yes
configure:8761: checking if /raid/vugluskr/emsdk_portable/emscripten/master/emcc static flag -static works
configure:8789: result: yes
configure:8804: checking if /raid/vugluskr/emsdk_portable/emscripten/master/emcc supports -c -o file.o
configure:8825: /raid/vugluskr/emsdk_portable/emscripten/master/emcc -c   -o out/conftest2.o conftest.c >&5
configure:8829: $? = 0
configure:8851: result: yes
configure:8859: checking if /raid/vugluskr/emsdk_portable/emscripten/master/emcc supports -c -o file.o
configure:8906: result: yes
configure:8939: checking whether the /raid/vugluskr/emsdk_portable/emscripten/master/emcc linker (/raid/vugluskr/emsdk_portable/emscripten/master/emcc) supports shared libraries
configure:10096: result: yes
configure:10133: checking whether -lc should be explicitly linked in
configure:10141: /raid/vugluskr/emsdk_portable/emscripten/master/emcc -c   conftest.c >&5
configure:10144: $? = 0
configure:10159: /raid/vugluskr/emsdk_portable/emscripten/master/emcc -shared  -fPIC -DPIC conftest.o  -v -Wl,-soname -Wl,conftest -o conftest 2\>\&1 \| /bin/grep  -lc  \>/dev/null 2\>\&1
configure:10162: $? = 1
configure:10176: result: yes
configure:10336: checking dynamic linker characteristics
configure:10836: /raid/vugluskr/emsdk_portable/emscripten/master/emcc -o conftest    -Wl,-rpath -Wl,/foo conftest.c  >&5
configure:10836: $? = 0
configure:11070: result: GNU/Linux ld.so
configure:11177: checking how to hardcode library paths into programs
configure:11202: result: immediate
configure:11742: checking whether stripping libraries is possible
configure:11747: result: yes
configure:11782: checking if libtool supports shared libraries
configure:11784: result: yes
configure:11787: checking whether to build shared libraries
configure:11808: result: yes
configure:11811: checking whether to build static libraries
configure:11815: result: yes
configure:11838: checking how to run the C++ preprocessor
configure:11865: /raid/vugluskr/emsdk_portable/emscripten/master/em++ -E  conftest.cpp
configure:11865: $? = 0
configure:11879: /raid/vugluskr/emsdk_portable/emscripten/master/em++ -E  conftest.cpp
conftest.cpp:23:10: fatal error: 'ac_nonexistent.h' file not found
#include <ac_nonexistent.h>
         ^
1 error generated.
configure:11879: $? = 1
configure: failed program was:
| /* confdefs.h */
| #define PACKAGE_NAME "bullet"
| #define PACKAGE_TARNAME "bullet"
| #define PACKAGE_VERSION "2.82"
| #define PACKAGE_STRING "bullet 2.82"
| #define PACKAGE_BUGREPORT "erwin.coumans@gmail.com"
| #define PACKAGE_URL ""
| #define PACKAGE "bullet"
| #define VERSION "2.82"
| #define STDC_HEADERS 1
| #define HAVE_SYS_TYPES_H 1
| #define HAVE_SYS_STAT_H 1
| #define HAVE_STDLIB_H 1
| #define HAVE_STRING_H 1
| #define HAVE_MEMORY_H 1
| #define HAVE_STRINGS_H 1
| #define HAVE_INTTYPES_H 1
| #define HAVE_STDINT_H 1
| #define HAVE_UNISTD_H 1
| #define HAVE_DLFCN_H 1
| #define LT_OBJDIR ".libs/"
| /* end confdefs.h.  */
| #include <ac_nonexistent.h>
configure:11904: result: /raid/vugluskr/emsdk_portable/emscripten/master/em++ -E
configure:11924: /raid/vugluskr/emsdk_portable/emscripten/master/em++ -E  conftest.cpp
configure:11924: $? = 0
configure:11938: /raid/vugluskr/emsdk_portable/emscripten/master/em++ -E  conftest.cpp
conftest.cpp:23:10: fatal error: 'ac_nonexistent.h' file not found
#include <ac_nonexistent.h>
         ^
1 error generated.
configure:11938: $? = 1
configure: failed program was:
| /* confdefs.h */
| #define PACKAGE_NAME "bullet"
| #define PACKAGE_TARNAME "bullet"
| #define PACKAGE_VERSION "2.82"
| #define PACKAGE_STRING "bullet 2.82"
| #define PACKAGE_BUGREPORT "erwin.coumans@gmail.com"
| #define PACKAGE_URL ""
| #define PACKAGE "bullet"
| #define VERSION "2.82"
| #define STDC_HEADERS 1
| #define HAVE_SYS_TYPES_H 1
| #define HAVE_SYS_STAT_H 1
| #define HAVE_STDLIB_H 1
| #define HAVE_STRING_H 1
| #define HAVE_MEMORY_H 1
| #define HAVE_STRINGS_H 1
| #define HAVE_INTTYPES_H 1
| #define HAVE_STDINT_H 1
| #define HAVE_UNISTD_H 1
| #define HAVE_DLFCN_H 1
| #define LT_OBJDIR ".libs/"
| /* end confdefs.h.  */
| #include <ac_nonexistent.h>
configure:12107: checking for ld used by /raid/vugluskr/emsdk_portable/emscripten/master/em++
ERROR:root:[31mno input files
note that input files without a known suffix are ignored, make sure your input files end with one of: ('.c', '.C', '.i', '.cpp', '.cxx', '.cc', '.c++', '.CPP', '.CXX', '.CC', '.C++', '.ii', '.m', '.mi', '.mm', '.mii', '/dev/null', '.bc', '.o', '.obj', '.lo', '.dylib', '.so', '.a', '.ll', '.h', '.hxx', '.hpp', '.hh', '.H', '.HXX', '.HPP', '.HH')[0m
configure:12174: result: /raid/vugluskr/emsdk_portable/emscripten/master/emcc
configure:12181: checking if the linker (/raid/vugluskr/emsdk_portable/emscripten/master/emcc) is GNU ld
configure:12196: result: yes
configure:12251: checking whether the /raid/vugluskr/emsdk_portable/emscripten/master/em++ linker (/raid/vugluskr/emsdk_portable/emscripten/master/emcc) supports shared libraries
configure:13253: result: yes
configure:13289: /raid/vugluskr/emsdk_portable/emscripten/master/em++ -c -g -O2  conftest.cpp >&5
configure:13292: $? = 0
configure:13812: checking for /raid/vugluskr/emsdk_portable/emscripten/master/em++ option to produce PIC
configure:13819: result: -fPIC -DPIC
configure:13827: checking if /raid/vugluskr/emsdk_portable/emscripten/master/em++ PIC flag -fPIC -DPIC works
configure:13845: /raid/vugluskr/emsdk_portable/emscripten/master/em++ -c -g -O2  -fPIC -DPIC -DPIC conftest.cpp >&5
configure:13849: $? = 0
configure:13862: result: yes
configure:13885: checking if /raid/vugluskr/emsdk_portable/emscripten/master/em++ static flag -static works
configure:13913: result: yes
configure:13925: checking if /raid/vugluskr/emsdk_portable/emscripten/master/em++ supports -c -o file.o
configure:13946: /raid/vugluskr/emsdk_portable/emscripten/master/em++ -c -g -O2  -o out/conftest2.o conftest.cpp >&5
configure:13950: $? = 0
configure:13972: result: yes
configure:13977: checking if /raid/vugluskr/emsdk_portable/emscripten/master/em++ supports -c -o file.o
configure:14024: result: yes
configure:14054: checking whether the /raid/vugluskr/emsdk_portable/emscripten/master/em++ linker (/raid/vugluskr/emsdk_portable/emscripten/master/emcc) supports shared libraries
configure:14093: result: yes
configure:14234: checking dynamic linker characteristics
configure:14902: result: GNU/Linux ld.so
configure:14955: checking how to hardcode library paths into programs
configure:14980: result: immediate
configure:15101: checking whether byte ordering is bigendian
configure:15116: /raid/vugluskr/emsdk_portable/emscripten/master/emcc -c   conftest.c >&5
conftest.c:26:9: error: unknown type name 'not'
               not a universal capable compiler
               ^
conftest.c:26:14: error: expected ';' after top level declarator
               not a universal capable compiler
                    ^
                    ;
2 errors generated.
ERROR:root:[31mcompiler frontend failed to generate LLVM bitcode, halting[0m
configure:15116: $? = 1
configure: failed program was:
| /* confdefs.h */
| #define PACKAGE_NAME "bullet"
| #define PACKAGE_TARNAME "bullet"
| #define PACKAGE_VERSION "2.82"
| #define PACKAGE_STRING "bullet 2.82"
| #define PACKAGE_BUGREPORT "erwin.coumans@gmail.com"
| #define PACKAGE_URL ""
| #define PACKAGE "bullet"
| #define VERSION "2.82"
| #define STDC_HEADERS 1
| #define HAVE_SYS_TYPES_H 1
| #define HAVE_SYS_STAT_H 1
| #define HAVE_STDLIB_H 1
| #define HAVE_STRING_H 1
| #define HAVE_MEMORY_H 1
| #define HAVE_STRINGS_H 1
| #define HAVE_INTTYPES_H 1
| #define HAVE_STDINT_H 1
| #define HAVE_UNISTD_H 1
| #define HAVE_DLFCN_H 1
| #define LT_OBJDIR ".libs/"
| #define PLATFORM_LINUX 1
| #define ARCH_X86_64 1
| /* end confdefs.h.  */
| #ifndef __APPLE_CC__
| 	       not a universal capable compiler
| 	     #endif
| 	     typedef int dummy;
| 
configure:15161: /raid/vugluskr/emsdk_portable/emscripten/master/emcc -c   conftest.c >&5
configure:15161: $? = 0
configure:15179: /raid/vugluskr/emsdk_portable/emscripten/master/emcc -c   conftest.c >&5
conftest.c:32:4: error: use of undeclared identifier 'not'
                 not big endian
                 ^
1 error generated.
ERROR:root:[31mcompiler frontend failed to generate LLVM bitcode, halting[0m
configure:15179: $? = 1
configure: failed program was:
| /* confdefs.h */
| #define PACKAGE_NAME "bullet"
| #define PACKAGE_TARNAME "bullet"
| #define PACKAGE_VERSION "2.82"
| #define PACKAGE_STRING "bullet 2.82"
| #define PACKAGE_BUGREPORT "erwin.coumans@gmail.com"
| #define PACKAGE_URL ""
| #define PACKAGE "bullet"
| #define VERSION "2.82"
| #define STDC_HEADERS 1
| #define HAVE_SYS_TYPES_H 1
| #define HAVE_SYS_STAT_H 1
| #define HAVE_STDLIB_H 1
| #define HAVE_STRING_H 1
| #define HAVE_MEMORY_H 1
| #define HAVE_STRINGS_H 1
| #define HAVE_INTTYPES_H 1
| #define HAVE_STDINT_H 1
| #define HAVE_UNISTD_H 1
| #define HAVE_DLFCN_H 1
| #define LT_OBJDIR ".libs/"
| #define PLATFORM_LINUX 1
| #define ARCH_X86_64 1
| /* end confdefs.h.  */
| #include <sys/types.h>
| 		#include <sys/param.h>
| 
| int
| main ()
| {
| #if BYTE_ORDER != BIG_ENDIAN
| 		 not big endian
| 		#endif
| 
|   ;
|   return 0;
| }
configure:15307: result: no
configure:15342: checking BulletMultiThreaded
configure:15349: result: no
configure:15393: checking for GL/gl.h
configure:15393: /raid/vugluskr/emsdk_portable/emscripten/master/emcc -c   conftest.c >&5
configure:15393: $? = 0
configure:15393: result: yes
configure:15393: checking for GL/glu.h
configure:15393: /raid/vugluskr/emsdk_portable/emscripten/master/emcc -c   conftest.c >&5
configure:15393: $? = 0
configure:15393: result: yes
configure:15393: checking for GL/glext.h
configure:15393: /raid/vugluskr/emsdk_portable/emscripten/master/emcc -c   conftest.c >&5
configure:15393: $? = 0
configure:15393: result: yes
configure:15393: checking for GL/glut.h
configure:15393: /raid/vugluskr/emsdk_portable/emscripten/master/emcc -c   conftest.c >&5
configure:15393: $? = 0
configure:15393: result: yes
configure:15419: checking for main in -lGL
configure:15438: /raid/vugluskr/emsdk_portable/emscripten/master/emcc -o conftest    conftest.c -lGL   >&5
configure:15438: $? = 0
configure:15447: result: yes
configure:15453: checking for main in -lGLU
configure:15472: /raid/vugluskr/emsdk_portable/emscripten/master/emcc -o conftest    conftest.c -lGLU -lGL  >&5
configure:15472: $? = 0
configure:15481: result: yes
configure:15487: checking for main in -lGLUT
configure:15506: /raid/vugluskr/emsdk_portable/emscripten/master/emcc -o conftest    conftest.c -lGLUT -lGLUT  >&5
WARNING:root:[33memcc: cannot find library "GLUT"[0m
WARNING:root:[33memcc: cannot find library "GLUT"[0m
configure:15506: $? = 0
configure:15515: result: yes
configure:15521: checking for main in -lopengl32
configure:15540: /raid/vugluskr/emsdk_portable/emscripten/master/emcc -o conftest    conftest.c -lopengl32   >&5
WARNING:root:[33memcc: cannot find library "opengl32"[0m
configure:15540: $? = 0
configure:15549: result: yes
configure:15555: checking for main in -lglu32
configure:15574: /raid/vugluskr/emsdk_portable/emscripten/master/emcc -o conftest    conftest.c -lglu32 -lopengl32  >&5
WARNING:root:[33memcc: cannot find library "glu32"[0m
WARNING:root:[33memcc: cannot find library "opengl32"[0m
configure:15574: $? = 0
configure:15583: result: yes
configure:15597: Found OpenGL
configure:15609: Building Bullet demos
configure:15631: checking build mode
configure:15638: result: optimize
configure:15759: checking that generated files are newer than configure
configure:15765: result: done
configure:15805: creating ./config.status

## ---------------------- ##
## Running config.status. ##
## ---------------------- ##

This file was extended by bullet config.status 2.82, which was
generated by GNU Autoconf 2.69.  Invocation command line was

  CONFIG_FILES    = 
  CONFIG_HEADERS  = 
  CONFIG_LINKS    = 
  CONFIG_COMMANDS = 
  $ ./config.status 

on darkstar

config.status:1120: creating bullet.pc
config.status:1120: creating Makefile
config.status:1120: creating Demos/Makefile
config.status:1120: creating Demos/SoftDemo/Makefile
config.status:1120: creating Demos/AllBulletDemos/Makefile
config.status:1120: creating Demos/MultiThreadedDemo/Makefile
config.status:1120: creating Demos/OpenGL/Makefile
config.status:1120: creating Demos/ForkLiftDemo/Makefile
config.status:1120: creating Demos/FeatherstoneMultiBodyDemo/Makefile
config.status:1120: creating Demos/BasicDemo/Makefile
config.status:1120: creating Demos/CcdPhysicsDemo/Makefile
config.status:1120: creating Demos/VehicleDemo/Makefile
config.status:1120: creating Demos/TerrainDemo/Makefile
config.status:1120: creating src/Makefile
config.status:1120: creating Extras/Makefile
config.status:1120: creating config.h
config.status:1382: executing depfiles commands
config.status:1382: executing libtool commands
configure:18332:

Please type 'make' to build Bullet


## ---------------- ##
## Cache variables. ##
## ---------------- ##

ac_cv_build=x86_64-unknown-linux-gnu
ac_cv_c_bigendian=no
ac_cv_c_compiler_gnu=yes
ac_cv_cxx_compiler_gnu=yes
ac_cv_env_CCC_set=
ac_cv_env_CCC_value=
ac_cv_env_CC_set=set
ac_cv_env_CC_value=/raid/vugluskr/emsdk_portable/emscripten/master/emcc
ac_cv_env_CFLAGS_set=set
ac_cv_env_CFLAGS_value=
ac_cv_env_CPPFLAGS_set=
ac_cv_env_CPPFLAGS_value=
ac_cv_env_CPP_set=
ac_cv_env_CPP_value=
ac_cv_env_CXXCPP_set=
ac_cv_env_CXXCPP_value=
ac_cv_env_CXXFLAGS_set=
ac_cv_env_CXXFLAGS_value=
ac_cv_env_CXX_set=set
ac_cv_env_CXX_value=/raid/vugluskr/emsdk_portable/emscripten/master/em++
ac_cv_env_LDFLAGS_set=
ac_cv_env_LDFLAGS_value=
ac_cv_env_LIBS_set=
ac_cv_env_LIBS_value=
ac_cv_env_build_alias_set=
ac_cv_env_build_alias_value=
ac_cv_env_host_alias_set=
ac_cv_env_host_alias_value=
ac_cv_env_target_alias_set=
ac_cv_env_target_alias_value=
ac_cv_header_GL_gl_h=yes
ac_cv_header_GL_glext_h=yes
ac_cv_header_GL_glu_h=yes
ac_cv_header_GL_glut_h=yes
ac_cv_header_dlfcn_h=yes
ac_cv_header_inttypes_h=yes
ac_cv_header_memory_h=yes
ac_cv_header_stdc=yes
ac_cv_header_stdint_h=yes
ac_cv_header_stdlib_h=yes
ac_cv_header_string_h=yes
ac_cv_header_strings_h=yes
ac_cv_header_sys_stat_h=yes
ac_cv_header_sys_types_h=yes
ac_cv_header_unistd_h=yes
ac_cv_host=x86_64-unknown-linux-gnu
ac_cv_lib_GLUT_main=yes
ac_cv_lib_GLU_main=yes
ac_cv_lib_GL_main=yes
ac_cv_lib_glu32_main=yes
ac_cv_lib_opengl32_main=yes
ac_cv_objext=o
ac_cv_path_EGREP='/bin/grep -E'
ac_cv_path_FGREP='/bin/grep -F'
ac_cv_path_GREP=/bin/grep
ac_cv_path_SED=/bin/sed
ac_cv_path_install='/usr/bin/install -c'
ac_cv_path_mkdir=/bin/mkdir
ac_cv_prog_AWK=mawk
ac_cv_prog_CPP='/raid/vugluskr/emsdk_portable/emscripten/master/emcc -E'
ac_cv_prog_CXXCPP='/raid/vugluskr/emsdk_portable/emscripten/master/em++ -E'
ac_cv_prog_ac_ct_CC=/raid/vugluskr/emsdk_portable/emscripten/master/emcc
ac_cv_prog_ac_ct_MANIFEST_TOOL=mt
ac_cv_prog_ac_ct_OBJDUMP=objdump
ac_cv_prog_ac_ct_RANLIB=/raid/vugluskr/emsdk_portable/emscripten/master/emranlib
ac_cv_prog_ac_ct_STRIP=strip
ac_cv_prog_cc_c89=
ac_cv_prog_cc_g=yes
ac_cv_prog_cxx_g=yes
ac_cv_prog_make_make_set=yes
am_cv_CC_dependencies_compiler_type=gcc3
am_cv_CXX_dependencies_compiler_type=gcc3
am_cv_make_support_nested_variables=yes
am_cv_prog_cc_c_o=yes
lt_cv_ar_at_file=no
lt_cv_archive_cmds_need_lc=yes
lt_cv_deplibs_check_method=pass_all
lt_cv_file_magic_cmd='$MAGIC_CMD'
lt_cv_file_magic_test_file=
lt_cv_ld_reload_flag=-r
lt_cv_nm_interface='BSD nm'
lt_cv_objdir=.libs
lt_cv_path_LD=/raid/vugluskr/emsdk_portable/emscripten/master/emcc
lt_cv_path_LDCXX=/raid/vugluskr/emsdk_portable/emscripten/master/emcc
lt_cv_path_NM=/raid/vugluskr/emsdk_portable/clang/fastcomp/build_master_64/bin/llvm-nm
lt_cv_path_mainfest_tool=no
lt_cv_prog_compiler_c_o=yes
lt_cv_prog_compiler_c_o_CXX=yes
lt_cv_prog_compiler_pic='-fPIC -DPIC'
lt_cv_prog_compiler_pic_CXX='-fPIC -DPIC'
lt_cv_prog_compiler_pic_works=yes
lt_cv_prog_compiler_pic_works_CXX=yes
lt_cv_prog_compiler_rtti_exceptions=yes
lt_cv_prog_compiler_static_works=yes
lt_cv_prog_compiler_static_works_CXX=yes
lt_cv_prog_gnu_ld=yes
lt_cv_prog_gnu_ldcxx=yes
lt_cv_sharedlib_from_linklib_cmd='printf %s\n'
lt_cv_shlibpath_overrides_runpath=no
lt_cv_sys_global_symbol_pipe='sed -n -e '\''s/^.*[	 ]\([BCDEGRST][BCDEGRST]*\)[	 ][	 ]*\([_A-Za-z][_A-Za-z0-9]*\)$/\1 \2 \2/p'\'' | sed '\''/ __gnu_lto/d'\'''
lt_cv_sys_global_symbol_to_c_name_address='sed -n -e '\''s/^: \([^ ]*\)[ ]*$/  {\"\1\", (void *) 0},/p'\'' -e '\''s/^[BCDEGRST]* \([^ ]*\) \([^ ]*\)$/  {"\2", (void *) \&\2},/p'\'''
lt_cv_sys_global_symbol_to_c_name_address_lib_prefix='sed -n -e '\''s/^: \([^ ]*\)[ ]*$/  {\"\1\", (void *) 0},/p'\'' -e '\''s/^[BCDEGRST]* \([^ ]*\) \(lib[^ ]*\)$/  {"\2", (void *) \&\2},/p'\'' -e '\''s/^[BCDEGRST]* \([^ ]*\) \([^ ]*\)$/  {"lib\2", (void *) \&\2},/p'\'''
lt_cv_sys_global_symbol_to_cdecl='sed -n -e '\''s/^T .* \(.*\)$/extern int \1();/p'\'' -e '\''s/^[BCDEGRST]* .* \(.*\)$/extern char \1;/p'\'''
lt_cv_sys_max_cmd_len=1572864
lt_cv_to_host_file_cmd=func_convert_file_noop
lt_cv_to_tool_file_cmd=func_convert_file_noop

## ----------------- ##
## Output variables. ##
## ----------------- ##

ACLOCAL='${SHELL} /home/vugluskr/projects/HappyGamer/bullet3-2.82/missing aclocal-1.14'
AMDEPBACKSLASH='\'
AMDEP_FALSE='#'
AMDEP_TRUE=''
AMTAR='$${TAR-tar}'
AM_BACKSLASH='\'
AM_DEFAULT_V='$(AM_DEFAULT_VERBOSITY)'
AM_DEFAULT_VERBOSITY='1'
AM_V='$(V)'
AR='/raid/vugluskr/emsdk_portable/emscripten/master/emar'
AUTOCONF='${SHELL} /home/vugluskr/projects/HappyGamer/bullet3-2.82/missing autoconf'
AUTOHEADER='${SHELL} /home/vugluskr/projects/HappyGamer/bullet3-2.82/missing autoheader'
AUTOMAKE='${SHELL} /home/vugluskr/projects/HappyGamer/bullet3-2.82/missing automake-1.14'
AWK='mawk'
CC='/raid/vugluskr/emsdk_portable/emscripten/master/emcc'
CCDEPMODE='depmode=gcc3'
CFLAGS='-DUSE_ADDR64 '
CONDITIONAL_BUILD_DEMOS_FALSE='#'
CONDITIONAL_BUILD_DEMOS_TRUE=''
CONDITIONAL_BUILD_MULTITHREADED_FALSE=''
CONDITIONAL_BUILD_MULTITHREADED_TRUE='#'
CPP='/raid/vugluskr/emsdk_portable/emscripten/master/emcc -E'
CPPFLAGS=''
CXX='/raid/vugluskr/emsdk_portable/emscripten/master/em++'
CXXCPP='/raid/vugluskr/emsdk_portable/emscripten/master/em++ -E'
CXXDEPMODE='depmode=gcc3'
CXXFLAGS='-DUSE_ADDR64 -g -O2 -DUSE_ADDR64 '
CYGPATH_W='echo'
DEFS='-DHAVE_CONFIG_H'
DEPDIR='.deps'
DLLTOOL='false'
DSYMUTIL=''
DUMPBIN=''
ECHO_C=''
ECHO_N='-n'
ECHO_T=''
EGREP='/bin/grep -E'
EXEEXT=''
FGREP='/bin/grep -F'
GL_LIBS='-lglu32 -lopengl32'
GREP='/bin/grep'
INSTALL_DATA='${INSTALL} -m 644'
INSTALL_PROGRAM='${INSTALL}'
INSTALL_SCRIPT='${INSTALL}'
INSTALL_STRIP_PROGRAM='$(install_sh) -c -s'
LD='/raid/vugluskr/emsdk_portable/emscripten/master/emcc'
LDFLAGS=''
LIBOBJS=''
LIBS=''
LIBTOOL='$(SHELL) $(top_builddir)/libtool'
LIPO=''
LN_S='ln -s'
LTLIBOBJS=''
MAKEINFO='${SHELL} /home/vugluskr/projects/HappyGamer/bullet3-2.82/missing makeinfo'
MANIFEST_TOOL=':'
MKDIR_P='/bin/mkdir -p'
NM='/raid/vugluskr/emsdk_portable/clang/fastcomp/build_master_64/bin/llvm-nm'
NMEDIT=''
OBJDUMP='objdump'
OBJEXT='o'
OTOOL64=''
OTOOL=''
PACKAGE='bullet'
PACKAGE_BUGREPORT='erwin.coumans@gmail.com'
PACKAGE_NAME='bullet'
PACKAGE_STRING='bullet 2.82'
PACKAGE_TARNAME='bullet'
PACKAGE_URL=''
PACKAGE_VERSION='2.82'
PATH_SEPARATOR=':'
RANLIB='/raid/vugluskr/emsdk_portable/emscripten/master/emranlib'
SED='/bin/sed'
SET_MAKE=''
SHELL='/bin/bash'
STRIP='strip'
VERSION='2.82'
ac_ct_AR=''
ac_ct_CC='/raid/vugluskr/emsdk_portable/emscripten/master/emcc'
ac_ct_CXX=''
ac_ct_DUMPBIN=''
am__EXEEXT_FALSE=''
am__EXEEXT_TRUE='#'
am__fastdepCC_FALSE='#'
am__fastdepCC_TRUE=''
am__fastdepCXX_FALSE='#'
am__fastdepCXX_TRUE=''
am__include='include'
am__isrc=''
am__leading_dot='.'
am__nodep='_no'
am__quote=''
am__tar='$${TAR-tar} chof - "$$tardir"'
am__untar='$${TAR-tar} xf -'
bindir='${exec_prefix}/bin'
build='x86_64-unknown-linux-gnu'
build_alias=''
build_cpu='x86_64'
build_os='linux-gnu'
build_vendor='unknown'
datadir='${datarootdir}'
datarootdir='${prefix}/share'
docdir='${datarootdir}/doc/${PACKAGE_TARNAME}'
dvidir='${docdir}'
exec_prefix='${prefix}'
host='x86_64-unknown-linux-gnu'
host_alias=''
host_cpu='x86_64'
host_os='linux-gnu'
host_vendor='unknown'
htmldir='${docdir}'
includedir='${prefix}/include'
infodir='${datarootdir}/info'
install_sh='${SHELL} /home/vugluskr/projects/HappyGamer/bullet3-2.82/install-sh'
libdir='${exec_prefix}/lib'
libexecdir='${exec_prefix}/libexec'
localedir='${datarootdir}/locale'
localstatedir='${prefix}/var'
mandir='${datarootdir}/man'
mkdir_p='$(MKDIR_P)'
oldincludedir='/usr/include'
opengl_LIBS='-lGL -lGLU -lglut'
pdfdir='${docdir}'
prefix='/usr/local'
program_transform_name='s,x,x,'
psdir='${docdir}'
sbindir='${exec_prefix}/sbin'
sharedstatedir='${prefix}/com'
sysconfdir='${prefix}/etc'
target_alias=''

## ----------- ##
## confdefs.h. ##
## ----------- ##

/* confdefs.h */
#define PACKAGE_NAME "bullet"
#define PACKAGE_TARNAME "bullet"
#define PACKAGE_VERSION "2.82"
#define PACKAGE_STRING "bullet 2.82"
#define PACKAGE_BUGREPORT "erwin.coumans@gmail.com"
#define PACKAGE_URL ""
#define PACKAGE "bullet"
#define VERSION "2.82"
#define STDC_HEADERS 1
#define HAVE_SYS_TYPES_H 1
#define HAVE_SYS_STAT_H 1
#define HAVE_STDLIB_H 1
#define HAVE_STRING_H 1
#define HAVE_MEMORY_H 1
#define HAVE_STRINGS_H 1
#define HAVE_INTTYPES_H 1
#define HAVE_STDINT_H 1
#define HAVE_UNISTD_H 1
#define HAVE_DLFCN_H 1
#define LT_OBJDIR ".libs/"
#define PLATFORM_LINUX 1
#define ARCH_X86_64 1
#define HAVE_GL_GL_H 1
#define HAVE_GL_GLU_H 1
#define HAVE_GL_GLEXT_H 1
#define HAVE_GL_GLUT_H 1

configure: exit 0
